<?xml version="1.0" encoding="UTF-8"?>
<!-- Generated by org.testng.reporters.JUnitReportReporter -->
<testsuite hostname="DESKTOP-UK1P14J" failures="0" tests="1" name="Selenium.maven.MyFirstProject.Login" time="5.703" errors="0" timestamp="2021-03-15T21:50:09 EET" skipped="0">
  <testcase classname="Selenium.maven.MyFirstProject.Login" name="login" time="5.703"/>
  <system-out/>
</testsuite> <!-- Selenium.maven.MyFirstProject.Login -->
