<?xml version="1.0" encoding="UTF-8"?>
<!-- Generated by org.testng.reporters.JUnitReportReporter -->
<testsuite hostname="DESKTOP-UK1P14J" failures="0" tests="1" name="Selenium.maven.MyFirstProject.invalidLogin" time="4.331" errors="0" timestamp="2021-03-15T21:59:57 EET" skipped="0">
  <testcase classname="Selenium.maven.MyFirstProject.invalidLogin" name="invalidlogin" time="4.331"/>
  <system-out/>
</testsuite> <!-- Selenium.maven.MyFirstProject.invalidLogin -->
