<?xml version="1.0" encoding="UTF-8"?>
<!-- Generated by org.testng.reporters.JUnitReportReporter -->
<testsuite hostname="DESKTOP-UK1P14J" failures="0" tests="1" name="Selenium.maven.MyFirstProject.BASE" time="3.941" errors="0" timestamp="2021-03-07T17:57:54 EET" skipped="0">
  <testcase classname="Selenium.maven.MyFirstProject.BASE" name="beforall" time="3.941"/>
  <system-out/>
</testsuite> <!-- Selenium.maven.MyFirstProject.BASE -->
